\BOOKMARK [0][-]{section*.1}{Oral Defense Recommendation Sheet}{}% 1
\BOOKMARK [0][-]{section*.2}{Abstract}{}% 2
\BOOKMARK [0][-]{section*.4}{Table of Contents}{}% 3
\BOOKMARK [0][-]{section*.5}{List of Figures}{}% 4
\BOOKMARK [0][-]{section*.6}{List of Tables}{}% 5
\BOOKMARK [0][-]{section*.7}{Abbreviations}{}% 6
\BOOKMARK [0][-]{section*.9}{Notation}{}% 7
\BOOKMARK [0][-]{section*.11}{Glossary}{}% 8
\BOOKMARK [0][-]{section*.13}{Listings}{}% 9
\BOOKMARK [0][-]{chapter.1}{Introduction}{}% 10
\BOOKMARK [1][-]{section.1.1}{Background of the Study}{chapter.1}% 11
\BOOKMARK [1][-]{section.1.2}{Prior Studies}{chapter.1}% 12
\BOOKMARK [1][-]{section.1.3}{Problem Statement}{chapter.1}% 13
\BOOKMARK [1][-]{section.1.4}{Objectives}{chapter.1}% 14
\BOOKMARK [2][-]{subsection.1.4.1}{General Objective\(s\)}{section.1.4}% 15
\BOOKMARK [2][-]{subsection.1.4.2}{Specific Objectives}{section.1.4}% 16
\BOOKMARK [1][-]{section.1.5}{Significance of the Study}{chapter.1}% 17
\BOOKMARK [1][-]{section.1.6}{Assumptions, Scope and Delimitations}{chapter.1}% 18
\BOOKMARK [2][-]{subsection.1.6.1}{Assumptions}{section.1.6}% 19
\BOOKMARK [2][-]{subsection.1.6.2}{Scope}{section.1.6}% 20
\BOOKMARK [2][-]{subsection.1.6.3}{Delimitations}{section.1.6}% 21
\BOOKMARK [1][-]{section.1.7}{Description and Methodology}{chapter.1}% 22
\BOOKMARK [1][-]{section.1.8}{Estimated Work Schedule and Budget}{chapter.1}% 23
\BOOKMARK [1][-]{section.1.9}{Overview}{chapter.1}% 24
\BOOKMARK [0][-]{chapter.2}{Literature Review}{}% 25
\BOOKMARK [1][-]{section.2.1}{Existing Work}{chapter.2}% 26
\BOOKMARK [1][-]{section.2.2}{Lacking in the Approaches}{chapter.2}% 27
\BOOKMARK [1][-]{section.2.3}{Summary}{chapter.2}% 28
\BOOKMARK [0][-]{chapter.3}{Theoretical Considerations}{}% 29
\BOOKMARK [1][-]{section.3.1}{Summary}{chapter.3}% 30
\BOOKMARK [0][-]{chapter.4}{Design Considerations}{}% 31
\BOOKMARK [1][-]{section.4.1}{Summary}{chapter.4}% 32
\BOOKMARK [0][-]{chapter.5}{Methodology}{}% 33
\BOOKMARK [1][-]{section.5.1}{Implementation}{chapter.5}% 34
\BOOKMARK [1][-]{section.5.2}{Evaluation}{chapter.5}% 35
\BOOKMARK [1][-]{section.5.3}{Summary}{chapter.5}% 36
\BOOKMARK [0][-]{chapter*.15}{References}{}% 37
\BOOKMARK [0][-]{appendix.A}{Answers to Questions to this Thesis}{}% 38
\BOOKMARK [0][-]{appendix.B}{Usage Examples}{}% 39
